<?xml version="1.0" encoding="UTF-8"?>
<!-- Generated by org.testng.reporters.JUnitReportReporter -->
<testsuite skipped="0" hostname="MAYUR" name="SwitchStatement.ActiveElement" tests="2" failures="0" timestamp="2022-01-17T15:51:26 GMT-08:00" time="33.058" errors="0">
  <testcase name="testElements" time="16.708" classname="SwitchStatement.ActiveElement"/>
  <system-out/>
  <testcase name="testGoogleSearch" time="16.350" classname="SwitchStatement.ActiveElement"/>
  <system-out/>
</testsuite> <!-- SwitchStatement.ActiveElement -->
