<?xml version="1.0" encoding="UTF-8"?>
<!-- Generated by org.testng.reporters.JUnitReportReporter -->
<testsuite skipped="0" hostname="MAYUR" name="config.TestActitimeWithExcelData" tests="1" failures="0" timestamp="2022-01-21T16:15:20 GMT-08:00" time="24.244" errors="0">
  <testcase name="loginIntoActitimeApp" time="24.244" classname="config.TestActitimeWithExcelData"/>
  <system-out/>
</testsuite> <!-- config.TestActitimeWithExcelData -->
