<?xml version="1.0" encoding="UTF-8"?>
<!-- Generated by org.testng.reporters.JUnitReportReporter -->
<testsuite skipped="0" hostname="MAYUR" name="SwitchStatement.actitest" tests="1" failures="0" timestamp="2022-01-15T19:59:11 GMT-08:00" time="26.980" errors="0">
  <testcase name="testgooglesearch" time="26.980" classname="SwitchStatement.actitest"/>
  <system-out/>
</testsuite> <!-- SwitchStatement.actitest -->
