<?xml version="1.0" encoding="UTF-8"?>
<!-- Generated by org.testng.reporters.JUnitReportReporter -->
<testsuite skipped="0" hostname="MAYUR" name="ExceHandling.TestExcel" tests="3" failures="0" timestamp="2022-01-20T19:53:34 GMT-08:00" time="1.044" errors="0">
  <testcase name="getSheetName" time="0.099" classname="ExceHandling.TestExcel"/>
  <system-out/>
  <testcase name="getCellOperation" time="0.848" classname="ExceHandling.TestExcel"/>
  <system-out/>
  <testcase name="getDifferentCellValues" time="0.097" classname="ExceHandling.TestExcel"/>
  <system-out/>
</testsuite> <!-- ExceHandling.TestExcel -->
