<?xml version="1.0" encoding="UTF-8"?>
<!-- Generated by org.testng.reporters.JUnitReportReporter -->
<testsuite skipped="0" hostname="MAYUR" name="TestNGSamples.sampletestng" tests="1" failures="0" timestamp="2022-01-10T20:09:54 GMT-08:00" time="0.020" errors="0">
  <testcase name="testcase1" time="0.020" classname="TestNGSamples.sampletestng"/>
  <system-out/>
</testsuite> <!-- TestNGSamples.sampletestng -->
